#
# A fatal error has been detected by the Java Runtime Environment:
#
#  EXCEPTION_ACCESS_VIOLATION (0xc0000005) at pc=0x000000005181ffb7, pid=14112, tid=11280
#
# JRE version: Java(TM) SE Runtime Environment (8.0_45-b15) (build 1.8.0_45-b15)
# Java VM: Java HotSpot(TM) 64-Bit Server VM (25.45-b02 mixed mode windows-amd64 compressed oops)
# Problematic frame:
# V  [jvm.dll+0x20ffb7]
#
# Failed to write core dump. Minidumps are not enabled by default on client versions of Windows
#
# If you would like to submit a bug report, please visit:
#   http://bugreport.java.com/bugreport/crash.jsp
#

---------------  T H R E A D  ---------------

Current thread (0x000000001bd5a000):  JavaThread "lettuce-eventExecutorLoop-1-2" daemon [_thread_in_vm, id=11280, stack(0x000000001d990000,0x000000001da90000)]

siginfo: ExceptionCode=0xc0000005, writing address 0x000000001da8a540

Registers:
RAX=0x000000001da8a540, RBX=0x0000000000000006, RCX=0x0000000000005000, RDX=0x0000000000000006
RSP=0x000000001da8f540, RBP=0x0000000000000000, RSI=0x000000001da8f540, RDI=0x0000000000000006
R8 =0x0000000000000006, R9 =0x000000001bd45250, R10=0x000000001725d358, R11=0x000000001d99a148
R12=0x000000001bd45250, R13=0x000000001bd5a000, R14=0x000000001da8f608, R15=0x000000001725d358
RIP=0x000000005181ffb7, EFLAGS=0x0000000000010202

Top of Stack: (sp=0x000000001da8f540)
0x000000001da8f540:   0000c21845a3dbc4 0000000000000000
0x000000001da8f550:   000000001bd5a000 000000001bd45250
0x000000001da8f560:   00000000ffffffff 0000000051820ee7
0x000000001da8f570:   000000001da8f670 000000001725d358
0x000000001da8f580:   000000001bd5a000 00000000516cea13
0x000000001da8f590:   000000001da8f5d0 000000001bd5a000
0x000000001da8f5a0:   000000001da8f660 000000001bd5a000
0x000000001da8f5b0:   000000001725d358 000000001bd5a000
0x000000001da8f5c0:   00000000032710e0 000000001bd5a000
0x000000001da8f5d0:   000000001725d358 000000001bd5a000
0x000000001da8f5e0:   000000001725d358 000000001bd5a000
0x000000001da8f5f0:   0000000000000001 000000001725d358
0x000000001da8f600:   000000001bd5a000 000000001b9d8ac0
0x000000001da8f610:   000000001bd5a000 00000000516cfefd
0x000000001da8f620:   000000001da8f928 00000001000069a0
0x000000001da8f630:   00000001004d4420 00007fff1dc04ef7 

Instructions: (pc=0x000000005181ffb7)
0x000000005181ff97:   48 89 6c 24 30 33 ed 66 90 e8 4b 35 08 00 ff c3
0x000000005181ffa7:   48 63 c8 48 8b c6 48 0f af cf 48 ff c7 48 2b c1
0x000000005181ffb7:   89 28 48 63 c3 48 3b 05 4d 66 58 00 7e db 48 8b
0x000000005181ffc7:   6c 24 30 48 8b 5c 24 38 48 8b 74 24 40 48 83 c4 


Register to memory mapping:

RAX=0x000000001da8a540 is pointing into the stack for thread: 0x000000001bd5a000
RBX=0x0000000000000006 is an unknown value
RCX=0x0000000000005000 is an unknown value
RDX=0x0000000000000006 is an unknown value
RSP=0x000000001da8f540 is pointing into the stack for thread: 0x000000001bd5a000
RBP=0x0000000000000000 is an unknown value
RSI=0x000000001da8f540 is pointing into the stack for thread: 0x000000001bd5a000
RDI=0x0000000000000006 is an unknown value
R8 =0x0000000000000006 is an unknown value
R9 =0x000000001bd45250 is an unknown value
R10={method} {0x000000001725d360} 'run' '()V' in 'java/lang/Thread'
R11=0x000000001d99a148 is pointing into the stack for thread: 0x000000001bd5a000
R12=0x000000001bd45250 is an unknown value
R13=0x000000001bd5a000 is a thread
R14=0x000000001da8f608 is pointing into the stack for thread: 0x000000001bd5a000
R15={method} {0x000000001725d360} 'run' '()V' in 'java/lang/Thread'


Stack: [0x000000001d990000,0x000000001da90000],  sp=0x000000001da8f540,  free space=1021k
